2023-04-17T19:16:11.342-05:00  INFO 9172 --- [main] crud.onpe.CrudOnpeApplication            : Starting CrudOnpeApplication using Java 17.0.6 with PID 9172 (D:\SPRING\crudOnpe\target\classes started by user in D:\SPRING\crudOnpe)
2023-04-17T19:16:11.347-05:00  INFO 9172 --- [main] crud.onpe.CrudOnpeApplication            : No active profile set, falling back to 1 default profile: "default"
2023-04-17T19:16:12.323-05:00  INFO 9172 --- [main] .s.d.r.c.RepositoryConfigurationDelegate : Bootstrapping Spring Data JPA repositories in DEFAULT mode.
2023-04-17T19:16:12.386-05:00  INFO 9172 --- [main] .s.d.r.c.RepositoryConfigurationDelegate : Finished Spring Data repository scanning in 56 ms. Found 2 JPA repository interfaces.
2023-04-17T19:16:12.890-05:00  INFO 9172 --- [main] o.s.b.w.embedded.tomcat.TomcatWebServer  : Tomcat initialized with port(s): 8080 (http)
2023-04-17T19:16:12.904-05:00  INFO 9172 --- [main] o.apache.catalina.core.StandardService   : Starting service [Tomcat]
2023-04-17T19:16:12.905-05:00  INFO 9172 --- [main] o.apache.catalina.core.StandardEngine    : Starting Servlet engine: [Apache Tomcat/10.1.7]
2023-04-17T19:16:13.050-05:00  INFO 9172 --- [main] o.a.c.c.C.[Tomcat].[localhost].[/onpe]   : Initializing Spring embedded WebApplicationContext
2023-04-17T19:16:13.050-05:00  INFO 9172 --- [main] w.s.c.ServletWebServerApplicationContext : Root WebApplicationContext: initialization completed in 1548 ms
2023-04-17T19:16:13.321-05:00  INFO 9172 --- [main] com.zaxxer.hikari.HikariDataSource       : HikariPool-1 - Starting...
2023-04-17T19:16:13.653-05:00  INFO 9172 --- [main] com.zaxxer.hikari.pool.HikariPool        : HikariPool-1 - Added connection ConnectionID:1 ClientConnectionId: fc8c84e1-e50e-4124-874e-42bd2b6fe7fb
2023-04-17T19:16:13.657-05:00  INFO 9172 --- [main] com.zaxxer.hikari.HikariDataSource       : HikariPool-1 - Start completed.
2023-04-17T19:16:13.790-05:00  INFO 9172 --- [main] o.hibernate.jpa.internal.util.LogHelper  : HHH000204: Processing PersistenceUnitInfo [name: default]
2023-04-17T19:16:13.898-05:00  INFO 9172 --- [main] org.hibernate.Version                    : HHH000412: Hibernate ORM core version 6.1.7.Final
2023-04-17T19:16:14.294-05:00  INFO 9172 --- [main] SQL dialect                              : HHH000400: Using dialect: org.hibernate.dialect.SQLServerDialect
2023-04-17T19:16:15.001-05:00  INFO 9172 --- [main] o.h.e.t.j.p.i.JtaPlatformInitiator       : HHH000490: Using JtaPlatform implementation: [org.hibernate.engine.transaction.jta.platform.internal.NoJtaPlatform]
2023-04-17T19:16:15.013-05:00  INFO 9172 --- [main] j.LocalContainerEntityManagerFactoryBean : Initialized JPA EntityManagerFactory for persistence unit 'default'
2023-04-17T19:16:15.329-05:00  WARN 9172 --- [main] JpaBaseConfiguration$JpaWebConfiguration : spring.jpa.open-in-view is enabled by default. Therefore, database queries may be performed during view rendering. Explicitly configure spring.jpa.open-in-view to disable this warning
2023-04-17T19:16:15.703-05:00  INFO 9172 --- [main] o.s.b.w.embedded.tomcat.TomcatWebServer  : Tomcat started on port(s): 8080 (http) with context path '/onpe'
2023-04-17T19:16:15.712-05:00  INFO 9172 --- [main] crud.onpe.CrudOnpeApplication            : Started CrudOnpeApplication in 4.888 seconds (process running for 5.864)
2023-04-17T19:16:28.957-05:00  INFO 9172 --- [http-nio-8080-exec-1] o.a.c.c.C.[Tomcat].[localhost].[/onpe]   : Initializing Spring DispatcherServlet 'dispatcherServlet'
2023-04-17T19:16:28.958-05:00  INFO 9172 --- [http-nio-8080-exec-1] o.s.web.servlet.DispatcherServlet        : Initializing Servlet 'dispatcherServlet'
2023-04-17T19:16:28.960-05:00  INFO 9172 --- [http-nio-8080-exec-1] o.s.web.servlet.DispatcherServlet        : Completed initialization in 2 ms
